Using pre-set license
Built from '2021.1/release' branch; Version is '2021.1.0f1 (61a549675243) revision 6399305'; Using compiler version '192528614'; Build Type 'Release'
OS: 'Windows 10 Pro N; OS build 19042.572; Version 2009; 64bit' Language: 'en' Physical Memory: 4016 MB
BatchMode: 1, IsHumanControllingUs: 0, StartBugReporterOnCrash: 0, Is64bit: 1, IsPro: 0

 COMMAND LINE ARGUMENTS:
C:\Program Files\Unity\Hub\Editor\2021.1.0f1\Editor\Unity.exe
-adb2
-batchMode
-noUpm
-name
AssetImportWorker2
-projectPath
E:/Unity/Projects/FlappyBird/Flying Bee
-logFile
Logs/AssetImportWorker2.log
-srvPort
54595
Successfully changed project path to: E:/Unity/Projects/FlappyBird/Flying Bee
E:/Unity/Projects/FlappyBird/Flying Bee
Using Asset Import Pipeline V2.
Refreshing native plugins compatible for Editor in 528.88 ms, found 1 plugins.
Preloading 0 native plugins for Editor in 0.00 ms.
Initialize engine version: 2021.1.0f1 (61a549675243)
[Subsystems] Discovering subsystems at path C:/Program Files/Unity/Hub/Editor/2021.1.0f1/Editor/Data/Resources/UnitySubsystems
[Subsystems] Discovering subsystems at path E:/Unity/Projects/FlappyBird/Flying Bee/Assets
GfxDevice: creating device client; threaded=0; jobified=0
Direct3D:
    Version:  Direct3D 11.0 [level 11.1]
    Renderer: Intel(R) HD Graphics 5500 (ID=0x1616)
    Vendor:   Intel
    VRAM:     2008 MB
    Driver:   20.19.15.4703
Initialize mono
Mono path[0] = 'C:/Program Files/Unity/Hub/Editor/2021.1.0f1/Editor/Data/Managed'
Mono path[1] = 'C:/Program Files/Unity/Hub/Editor/2021.1.0f1/Editor/Data/MonoBleedingEdge/lib/mono/unityjit'
Mono config path = 'C:/Program Files/Unity/Hub/Editor/2021.1.0f1/Editor/Data/MonoBleedingEdge/etc'
Using monoOptions --debugger-agent=transport=dt_socket,embedding=1,server=y,suspend=n,address=127.0.0.1:56752
Begin MonoManager ReloadAssembly
Registering precompiled unity dll's ...
Register platform support module: C:/Program Files/Unity/Hub/Editor/2021.1.0f1/Editor/Data/PlaybackEngines/WindowsStandaloneSupport/UnityEditor.WindowsStandalone.Extensions.dll
Registered in 0.021543 seconds.
Native extension for WindowsStandalone target not found
Refreshing native plugins compatible for Editor in 286.21 ms, found 1 plugins.
Preloading 0 native plugins for Editor in 0.00 ms.
Mono: successfully reloaded assembly
- Completed reload, in  8.389 seconds
Platform modules already initialized, skipping
Registering precompiled user dll's ...
Registered in 0.006895 seconds.
Begin MonoManager ReloadAssembly
Native extension for WindowsStandalone target not found
Refreshing native plugins compatible for Editor in 6.38 ms, found 1 plugins.
Preloading 0 native plugins for Editor in 0.00 ms.
Mono: successfully reloaded assembly
- Completed reload, in  6.076 seconds
Platform modules already initialized, skipping
========================================================================
Worker process is ready to serve import requests
Launched and connected shader compiler UnityShaderCompiler.exe after 0.23 seconds
Refreshing native plugins compatible for Editor in 1.70 ms, found 1 plugins.
Preloading 0 native plugins for Editor in 0.00 ms.
Unloading 2813 Unused Serialized files (Serialized files now loaded: 0)
System memory in use before: 101.8 MB.
System memory in use after: 102.1 MB.

Unloading 37 unused Assets to reduce memory usage. Loaded Objects now: 3240.
Total: 5.695500 ms (FindLiveObjects: 0.741800 ms CreateObjectMapping: 0.256600 ms MarkObjects: 4.545500 ms  DeleteObjects: 0.145100 ms)

========================================================================
Received Import Request.
  path: Assets/Sprites/MY Logo.png
  artifactKey: Guid(df53ed0ad6715fb4d8375d9c2bf23ed9) Importer(815301076,1909f56bfc062723c751e8b465ee728b)
Start importing Assets/Sprites/MY Logo.png using Guid(df53ed0ad6715fb4d8375d9c2bf23ed9) Importer(815301076,1909f56bfc062723c751e8b465ee728b)  -> (artifact id: '5dc8856ef1e7b51ca26777307e04a12b') in 0.482662 seconds 
========================================================================
Received Import Request.
  Time since last request: 3.283039 seconds.
  path: Assets/Sprites/Bird/1.png
  artifactKey: Guid(b9c461e6d7d66fa48a1607132b699e12) Importer(815301076,1909f56bfc062723c751e8b465ee728b)
Start importing Assets/Sprites/Bird/1.png using Guid(b9c461e6d7d66fa48a1607132b699e12) Importer(815301076,1909f56bfc062723c751e8b465ee728b)  -> (artifact id: '4fffd7ad442db3e38e9ebe8849cbbfd4') in 0.274762 seconds 
========================================================================
Received Import Request.
  Time since last request: 0.001196 seconds.
  path: Assets/Sprites/Bird/2.png
  artifactKey: Guid(a223bcf3a9aaaf24f8170df448319f99) Importer(815301076,1909f56bfc062723c751e8b465ee728b)
Start importing Assets/Sprites/Bird/2.png using Guid(a223bcf3a9aaaf24f8170df448319f99) Importer(815301076,1909f56bfc062723c751e8b465ee728b)  -> (artifact id: '201c0d4cb3d6f1eafebcbfd374ae8c0f') in 0.049590 seconds 
========================================================================
Received Import Request.
  Time since last request: 0.001316 seconds.
  path: Assets/Sprites/Bird/6.png
  artifactKey: Guid(61bd6123a7eabbd44a4a1249479f81f7) Importer(815301076,1909f56bfc062723c751e8b465ee728b)
Start importing Assets/Sprites/Bird/6.png using Guid(61bd6123a7eabbd44a4a1249479f81f7) Importer(815301076,1909f56bfc062723c751e8b465ee728b)  -> (artifact id: '875073ee93e4cc27b01b734f449a7187') in 0.088188 seconds 
========================================================================
Received Import Request.
  Time since last request: 0.001286 seconds.
  path: Assets/Sprites/Bird/5.png
  artifactKey: Guid(d8cb6f346e8a7274baa7cca11977f71a) Importer(815301076,1909f56bfc062723c751e8b465ee728b)
Start importing Assets/Sprites/Bird/5.png using Guid(d8cb6f346e8a7274baa7cca11977f71a) Importer(815301076,1909f56bfc062723c751e8b465ee728b)  -> (artifact id: '0dd48ad3d55714d4dc3275bc68f003be') in 0.049183 seconds 
========================================================================
Received Import Request.
  Time since last request: 0.001101 seconds.
  path: Assets/Sprites/Bird/3.png
  artifactKey: Guid(65d0c8131985d084d880992ae3f66ada) Importer(815301076,1909f56bfc062723c751e8b465ee728b)
Start importing Assets/Sprites/Bird/3.png using Guid(65d0c8131985d084d880992ae3f66ada) Importer(815301076,1909f56bfc062723c751e8b465ee728b)  -> (artifact id: '811979033066f21b3fe9d3081d10cff9') in 0.033838 seconds 
========================================================================
Received Import Request.
  Time since last request: 0.001426 seconds.
  path: Assets/Sprites/Bird/4.png
  artifactKey: Guid(f9f31b3a52d4fae4ebed7c067fe5555f) Importer(815301076,1909f56bfc062723c751e8b465ee728b)
Start importing Assets/Sprites/Bird/4.png using Guid(f9f31b3a52d4fae4ebed7c067fe5555f) Importer(815301076,1909f56bfc062723c751e8b465ee728b)  -> (artifact id: 'b6fb6a83d5e7ef3cb37956f6dabfa5c6') in 0.043330 seconds 
========================================================================
Received Import Request.
  Time since last request: 95.923488 seconds.
  path: Assets/Sprites/MY Logo.png
  artifactKey: Guid(df53ed0ad6715fb4d8375d9c2bf23ed9) Importer(815301076,1909f56bfc062723c751e8b465ee728b)
Start importing Assets/Sprites/MY Logo.png using Guid(df53ed0ad6715fb4d8375d9c2bf23ed9) Importer(815301076,1909f56bfc062723c751e8b465ee728b)  -> (artifact id: '32f9fc5440d4ddd27218dddb9144e9de') in 0.038602 seconds 
========================================================================
Received Prepare
Registering precompiled user dll's ...
Registered in 0.218449 seconds.
Begin MonoManager ReloadAssembly
Native extension for WindowsStandalone target not found
Refreshing native plugins compatible for Editor in 1.09 ms, found 1 plugins.
Preloading 0 native plugins for Editor in 0.00 ms.
Mono: successfully reloaded assembly
- Completed reload, in  3.149 seconds
Platform modules already initialized, skipping
Switching build target platform(19) subTarget(0) extendedPlatform(0) -> platform(13) subTarget(537395200) extendedPlatform(0)
Refreshing native plugins compatible for Editor in 2.22 ms, found 1 plugins.
Preloading 0 native plugins for Editor in 0.00 ms.
Unloading 2817 Unused Serialized files (Serialized files now loaded: 0)
System memory in use before: 112.7 MB.
System memory in use after: 112.9 MB.

Unloading 32 unused Assets to reduce memory usage. Loaded Objects now: 3372.
Total: 4.395300 ms (FindLiveObjects: 0.542200 ms CreateObjectMapping: 0.286600 ms MarkObjects: 3.502600 ms  DeleteObjects: 0.060800 ms)

AssetImportParameters requested are different than current active one (requested -> active):
  custom:graphics/normal-map-encoding: 01000000000000000000000000000000 -> 02000000000000000000000000000000
========================================================================
Received Prepare
Registering precompiled user dll's ...
Registered in 0.042530 seconds.
Begin MonoManager ReloadAssembly
Native extension for WindowsStandalone target not found
Refreshing native plugins compatible for Editor in 1.10 ms, found 1 plugins.
Preloading 0 native plugins for Editor in 0.00 ms.
Mono: successfully reloaded assembly
- Completed reload, in  3.548 seconds
Platform modules already initialized, skipping
Switching build target platform(19) subTarget(0) extendedPlatform(0) -> platform(13) subTarget(537395200) extendedPlatform(0)
Refreshing native plugins compatible for Editor in 2.58 ms, found 1 plugins.
Preloading 0 native plugins for Editor in 0.00 ms.
Unloading 2810 Unused Serialized files (Serialized files now loaded: 0)
System memory in use before: 112.4 MB.
System memory in use after: 112.7 MB.

Unloading 32 unused Assets to reduce memory usage. Loaded Objects now: 3375.
Total: 3.728700 ms (FindLiveObjects: 0.615200 ms CreateObjectMapping: 0.270600 ms MarkObjects: 2.778700 ms  DeleteObjects: 0.061000 ms)

AssetImportParameters requested are different than current active one (requested -> active):
  custom:graphics/normal-map-encoding: 01000000000000000000000000000000 -> 02000000000000000000000000000000
========================================================================
Received Prepare
Registering precompiled user dll's ...
Registered in 0.004866 seconds.
Begin MonoManager ReloadAssembly
Native extension for WindowsStandalone target not found
Refreshing native plugins compatible for Editor in 1.15 ms, found 1 plugins.
Preloading 0 native plugins for Editor in 0.00 ms.
Mono: successfully reloaded assembly
- Completed reload, in  2.320 seconds
Platform modules already initialized, skipping
Switching build target platform(19) subTarget(0) extendedPlatform(0) -> platform(13) subTarget(537395200) extendedPlatform(0)
Refreshing native plugins compatible for Editor in 2.09 ms, found 1 plugins.
Preloading 0 native plugins for Editor in 0.00 ms.
Unloading 2810 Unused Serialized files (Serialized files now loaded: 0)
System memory in use before: 112.5 MB.
System memory in use after: 112.7 MB.

Unloading 32 unused Assets to reduce memory usage. Loaded Objects now: 3378.
Total: 3.424300 ms (FindLiveObjects: 0.413200 ms CreateObjectMapping: 0.193100 ms MarkObjects: 2.777500 ms  DeleteObjects: 0.038200 ms)

AssetImportParameters requested are different than current active one (requested -> active):
  custom:graphics/normal-map-encoding: 01000000000000000000000000000000 -> 02000000000000000000000000000000
========================================================================
Received Prepare
Registering precompiled user dll's ...
Registered in 0.005083 seconds.
Begin MonoManager ReloadAssembly
Native extension for WindowsStandalone target not found
Refreshing native plugins compatible for Editor in 1.06 ms, found 1 plugins.
Preloading 0 native plugins for Editor in 0.00 ms.
Mono: successfully reloaded assembly
- Completed reload, in  2.754 seconds
Platform modules already initialized, skipping
Switching build target platform(19) subTarget(0) extendedPlatform(0) -> platform(13) subTarget(537395200) extendedPlatform(0)
Refreshing native plugins compatible for Editor in 2.25 ms, found 1 plugins.
Preloading 0 native plugins for Editor in 0.00 ms.
Unloading 2810 Unused Serialized files (Serialized files now loaded: 0)
System memory in use before: 112.5 MB.
System memory in use after: 112.7 MB.

Unloading 32 unused Assets to reduce memory usage. Loaded Objects now: 3381.
Total: 4.238300 ms (FindLiveObjects: 0.489900 ms CreateObjectMapping: 0.232700 ms MarkObjects: 3.470500 ms  DeleteObjects: 0.042700 ms)

AssetImportParameters requested are different than current active one (requested -> active):
  custom:graphics/normal-map-encoding: 01000000000000000000000000000000 -> 02000000000000000000000000000000
========================================================================
Received Prepare
Registering precompiled user dll's ...
Registered in 0.007144 seconds.
Begin MonoManager ReloadAssembly
Native extension for WindowsStandalone target not found
Refreshing native plugins compatible for Editor in 1.59 ms, found 1 plugins.
Preloading 0 native plugins for Editor in 0.00 ms.
Mono: successfully reloaded assembly
- Completed reload, in  3.124 seconds
Platform modules already initialized, skipping
Switching build target platform(19) subTarget(0) extendedPlatform(0) -> platform(13) subTarget(537395200) extendedPlatform(0)
Refreshing native plugins compatible for Editor in 1.93 ms, found 1 plugins.
Preloading 0 native plugins for Editor in 0.00 ms.
Unloading 2810 Unused Serialized files (Serialized files now loaded: 0)
System memory in use before: 112.5 MB.
System memory in use after: 112.7 MB.

Unloading 32 unused Assets to reduce memory usage. Loaded Objects now: 3384.
Total: 3.340300 ms (FindLiveObjects: 0.365700 ms CreateObjectMapping: 0.206300 ms MarkObjects: 2.729200 ms  DeleteObjects: 0.036900 ms)

AssetImportParameters requested are different than current active one (requested -> active):
  custom:graphics/normal-map-encoding: 01000000000000000000000000000000 -> 02000000000000000000000000000000
========================================================================
Received Prepare
Registering precompiled user dll's ...
Registered in 0.004565 seconds.
Begin MonoManager ReloadAssembly
Native extension for WindowsStandalone target not found
Refreshing native plugins compatible for Editor in 1.65 ms, found 1 plugins.
Preloading 0 native plugins for Editor in 0.00 ms.
Mono: successfully reloaded assembly
- Completed reload, in  2.608 seconds
Platform modules already initialized, skipping
Switching build target platform(19) subTarget(0) extendedPlatform(0) -> platform(13) subTarget(537395200) extendedPlatform(0)
Refreshing native plugins compatible for Editor in 3.82 ms, found 1 plugins.
Preloading 0 native plugins for Editor in 0.00 ms.
Unloading 2810 Unused Serialized files (Serialized files now loaded: 0)
System memory in use before: 112.5 MB.
System memory in use after: 112.7 MB.

Unloading 32 unused Assets to reduce memory usage. Loaded Objects now: 3387.
Total: 3.427600 ms (FindLiveObjects: 0.354800 ms CreateObjectMapping: 0.254200 ms MarkObjects: 2.780200 ms  DeleteObjects: 0.036100 ms)

AssetImportParameters requested are different than current active one (requested -> active):
  custom:graphics/normal-map-encoding: 01000000000000000000000000000000 -> 02000000000000000000000000000000
========================================================================
Received Prepare
Registering precompiled user dll's ...
Registered in 0.027196 seconds.
Begin MonoManager ReloadAssembly
Native extension for WindowsStandalone target not found
Refreshing native plugins compatible for Editor in 1.06 ms, found 1 plugins.
Preloading 0 native plugins for Editor in 0.00 ms.
Mono: successfully reloaded assembly
- Completed reload, in  2.518 seconds
Platform modules already initialized, skipping
Switching build target platform(19) subTarget(0) extendedPlatform(0) -> platform(13) subTarget(537395200) extendedPlatform(0)
Refreshing native plugins compatible for Editor in 1.93 ms, found 1 plugins.
Preloading 0 native plugins for Editor in 0.00 ms.
Unloading 2810 Unused Serialized files (Serialized files now loaded: 0)
System memory in use before: 112.5 MB.
System memory in use after: 112.8 MB.

Unloading 32 unused Assets to reduce memory usage. Loaded Objects now: 3390.
Total: 6.196400 ms (FindLiveObjects: 0.700800 ms CreateObjectMapping: 0.430900 ms MarkObjects: 5.004700 ms  DeleteObjects: 0.057200 ms)

AssetImportParameters requested are different than current active one (requested -> active):
  custom:graphics/normal-map-encoding: 01000000000000000000000000000000 -> 02000000000000000000000000000000
========================================================================
Received Prepare
Registering precompiled user dll's ...
Registered in 0.006755 seconds.
Begin MonoManager ReloadAssembly
Native extension for WindowsStandalone target not found
Refreshing native plugins compatible for Editor in 1.09 ms, found 1 plugins.
Preloading 0 native plugins for Editor in 0.00 ms.
Mono: successfully reloaded assembly
- Completed reload, in  3.506 seconds
Platform modules already initialized, skipping
Switching build target platform(19) subTarget(0) extendedPlatform(0) -> platform(13) subTarget(537395200) extendedPlatform(0)
Refreshing native plugins compatible for Editor in 2.01 ms, found 1 plugins.
Preloading 0 native plugins for Editor in 0.00 ms.
Unloading 2810 Unused Serialized files (Serialized files now loaded: 0)
System memory in use before: 112.6 MB.
System memory in use after: 112.8 MB.

Unloading 32 unused Assets to reduce memory usage. Loaded Objects now: 3393.
Total: 3.489300 ms (FindLiveObjects: 0.517400 ms CreateObjectMapping: 0.206500 ms MarkObjects: 2.722100 ms  DeleteObjects: 0.040900 ms)

AssetImportParameters requested are different than current active one (requested -> active):
  custom:graphics/normal-map-encoding: 01000000000000000000000000000000 -> 02000000000000000000000000000000
========================================================================
Received Prepare
Refreshing native plugins compatible for Editor in 111.76 ms, found 1 plugins.
Preloading 0 native plugins for Editor in 0.00 ms.
Unloading 30 Unused Serialized files (Serialized files now loaded: 0)
System memory in use before: 57.5 MB.
System memory in use after: 57.7 MB.

Unloading 30 unused Assets to reduce memory usage. Loaded Objects now: 3393.
Total: 7.178000 ms (FindLiveObjects: 0.590500 ms CreateObjectMapping: 0.478300 ms MarkObjects: 6.018500 ms  DeleteObjects: 0.087200 ms)

========================================================================
Received Prepare
Registering precompiled user dll's ...
Registered in 0.088883 seconds.
Begin MonoManager ReloadAssembly
Native extension for WindowsStandalone target not found
Refreshing native plugins compatible for Editor in 14.96 ms, found 1 plugins.
Preloading 0 native plugins for Editor in 0.00 ms.
Mono: successfully reloaded assembly
- Completed reload, in 52.923 seconds
Platform modules already initialized, skipping
Switching build target platform(19) subTarget(0) extendedPlatform(0) -> platform(13) subTarget(537395200) extendedPlatform(0)
Refreshing native plugins compatible for Editor in 3.16 ms, found 1 plugins.
Preloading 0 native plugins for Editor in 0.00 ms.
Unloading 2810 Unused Serialized files (Serialized files now loaded: 0)
System memory in use before: 112.6 MB.
System memory in use after: 112.8 MB.

Unloading 32 unused Assets to reduce memory usage. Loaded Objects now: 3396.
Total: 53.738800 ms (FindLiveObjects: 0.761000 ms CreateObjectMapping: 0.542700 ms MarkObjects: 37.654300 ms  DeleteObjects: 14.773600 ms)

AssetImportParameters requested are different than current active one (requested -> active):
  custom:graphics/normal-map-encoding: 01000000000000000000000000000000 -> 02000000000000000000000000000000
========================================================================
Received Prepare
Registering precompiled user dll's ...
Registered in 0.005978 seconds.
Begin MonoManager ReloadAssembly
Native extension for WindowsStandalone target not found
Refreshing native plugins compatible for Editor in 1.44 ms, found 1 plugins.
Preloading 0 native plugins for Editor in 0.00 ms.
Mono: successfully reloaded assembly
- Completed reload, in  6.243 seconds
Platform modules already initialized, skipping
Switching build target platform(19) subTarget(0) extendedPlatform(0) -> platform(13) subTarget(537395200) extendedPlatform(0)
Refreshing native plugins compatible for Editor in 2.10 ms, found 1 plugins.
Preloading 0 native plugins for Editor in 0.00 ms.
Unloading 2810 Unused Serialized files (Serialized files now loaded: 0)
System memory in use before: 112.6 MB.
System memory in use after: 112.8 MB.

Unloading 32 unused Assets to reduce memory usage. Loaded Objects now: 3399.
Total: 3.709300 ms (FindLiveObjects: 0.577900 ms CreateObjectMapping: 0.260800 ms MarkObjects: 2.821000 ms  DeleteObjects: 0.047000 ms)

AssetImportParameters requested are different than current active one (requested -> active):
  custom:graphics/normal-map-encoding: 01000000000000000000000000000000 -> 02000000000000000000000000000000
========================================================================
Received Prepare
Registering precompiled user dll's ...
Registered in 0.004444 seconds.
Begin MonoManager ReloadAssembly
Native extension for WindowsStandalone target not found
Refreshing native plugins compatible for Editor in 1.46 ms, found 1 plugins.
Preloading 0 native plugins for Editor in 0.00 ms.
Mono: successfully reloaded assembly
- Completed reload, in  7.340 seconds
Platform modules already initialized, skipping
Switching build target platform(19) subTarget(0) extendedPlatform(0) -> platform(13) subTarget(537395200) extendedPlatform(0)
Refreshing native plugins compatible for Editor in 3.41 ms, found 1 plugins.
Preloading 0 native plugins for Editor in 0.00 ms.
Unloading 2810 Unused Serialized files (Serialized files now loaded: 0)
System memory in use before: 112.6 MB.
System memory in use after: 112.8 MB.

Unloading 32 unused Assets to reduce memory usage. Loaded Objects now: 3402.
Total: 3.546000 ms (FindLiveObjects: 0.307800 ms CreateObjectMapping: 0.182800 ms MarkObjects: 3.016600 ms  DeleteObjects: 0.036800 ms)

AssetImportParameters requested are different than current active one (requested -> active):
  custom:graphics/normal-map-encoding: 01000000000000000000000000000000 -> 02000000000000000000000000000000
