Using pre-set license
Built from '2021.1/release' branch; Version is '2021.1.0f1 (61a549675243) revision 6399305'; Using compiler version '192528614'; Build Type 'Release'
OS: 'Windows 10 Home N; OS build 19042.631; Version 2009; 64bit' Language: 'en' Physical Memory: 4016 MB
BatchMode: 1, IsHumanControllingUs: 0, StartBugReporterOnCrash: 0, Is64bit: 1, IsPro: 0

 COMMAND LINE ARGUMENTS:
C:\Program Files\Unity\Hub\Editor\2021.1.0f1\Editor\Unity.exe
-adb2
-batchMode
-noUpm
-name
AssetImportWorker5
-projectPath
E:/Unity/Projects/FlappyBird/Flying Bee
-logFile
Logs/AssetImportWorker5.log
-srvPort
59994
Successfully changed project path to: E:/Unity/Projects/FlappyBird/Flying Bee
E:/Unity/Projects/FlappyBird/Flying Bee
Using Asset Import Pipeline V2.
Refreshing native plugins compatible for Editor in 149.41 ms, found 1 plugins.
Preloading 0 native plugins for Editor in 0.00 ms.
Initialize engine version: 2021.1.0f1 (61a549675243)
[Subsystems] Discovering subsystems at path C:/Program Files/Unity/Hub/Editor/2021.1.0f1/Editor/Data/Resources/UnitySubsystems
[Subsystems] Discovering subsystems at path E:/Unity/Projects/FlappyBird/Flying Bee/Assets
GfxDevice: creating device client; threaded=0; jobified=0
Direct3D:
    Version:  Direct3D 11.0 [level 11.1]
    Renderer: Intel(R) HD Graphics 5500 (ID=0x1616)
    Vendor:   Intel
    VRAM:     2008 MB
    Driver:   20.19.15.4326
Initialize mono
Mono path[0] = 'C:/Program Files/Unity/Hub/Editor/2021.1.0f1/Editor/Data/Managed'
Mono path[1] = 'C:/Program Files/Unity/Hub/Editor/2021.1.0f1/Editor/Data/MonoBleedingEdge/lib/mono/unityjit'
Mono config path = 'C:/Program Files/Unity/Hub/Editor/2021.1.0f1/Editor/Data/MonoBleedingEdge/etc'
Using monoOptions --debugger-agent=transport=dt_socket,embedding=1,server=y,suspend=n,address=127.0.0.1:56568
Begin MonoManager ReloadAssembly
Registering precompiled unity dll's ...
Register platform support module: C:/Program Files/Unity/Hub/Editor/2021.1.0f1/Editor/Data/PlaybackEngines/WindowsStandaloneSupport/UnityEditor.WindowsStandalone.Extensions.dll
Registered in 0.002998 seconds.
Native extension for WindowsStandalone target not found
Refreshing native plugins compatible for Editor in 152.87 ms, found 1 plugins.
Preloading 0 native plugins for Editor in 0.00 ms.
Mono: successfully reloaded assembly
- Completed reload, in  3.383 seconds
Platform modules already initialized, skipping
Registering precompiled user dll's ...
Registered in 0.003973 seconds.
Begin MonoManager ReloadAssembly
Native extension for WindowsStandalone target not found
Refreshing native plugins compatible for Editor in 0.83 ms, found 1 plugins.
Preloading 0 native plugins for Editor in 0.00 ms.
Mono: successfully reloaded assembly
- Completed reload, in  2.644 seconds
Platform modules already initialized, skipping
========================================================================
Worker process is ready to serve import requests
Launched and connected shader compiler UnityShaderCompiler.exe after 0.48 seconds
Refreshing native plugins compatible for Editor in 1.34 ms, found 1 plugins.
Preloading 0 native plugins for Editor in 0.00 ms.
Unloading 2671 Unused Serialized files (Serialized files now loaded: 0)
System memory in use before: 98.1 MB.
System memory in use after: 98.3 MB.

Unloading 14 unused Assets to reduce memory usage. Loaded Objects now: 3121.
Total: 3.215200 ms (FindLiveObjects: 0.315100 ms CreateObjectMapping: 0.188200 ms MarkObjects: 2.592500 ms  DeleteObjects: 0.117000 ms)

========================================================================
Received Import Request.
  path: Assets/Scenes/Main Menu.unity
  artifactKey: Guid(96d5b09880b8d62449cd9bb07e91ce6c) Importer(815301076,1909f56bfc062723c751e8b465ee728b)
Start importing Assets/Scenes/Main Menu.unity using Guid(96d5b09880b8d62449cd9bb07e91ce6c) Importer(815301076,1909f56bfc062723c751e8b465ee728b)  -> (artifact id: '506878d3035c365bd243aea8b7b4a7f1') in 0.093896 seconds 
========================================================================
Received Import Request.
  Time since last request: 127.011774 seconds.
  path: Assets/Scenes/Game.unity
  artifactKey: Guid(2cda990e2423bbf4892e6590ba056729) Importer(815301076,1909f56bfc062723c751e8b465ee728b)
Start importing Assets/Scenes/Game.unity using Guid(2cda990e2423bbf4892e6590ba056729) Importer(815301076,1909f56bfc062723c751e8b465ee728b)  -> (artifact id: '787fb40b0339465704117366f4150e6f') in 0.046733 seconds 
========================================================================
Received Import Request.
  Time since last request: 8.860936 seconds.
  path: Assets/Prefab/Ground Up.prefab
  artifactKey: Guid(45476bc5cf214aa47953f34ff460d8ae) Importer(815301076,1909f56bfc062723c751e8b465ee728b)
Start importing Assets/Prefab/Ground Up.prefab using Guid(45476bc5cf214aa47953f34ff460d8ae) Importer(815301076,1909f56bfc062723c751e8b465ee728b)  -> (artifact id: '3f4762623b91bcc0b7fa46d0d40ca13e') in 0.491761 seconds 
========================================================================
Received Import Request.
  Time since last request: 0.000538 seconds.
  path: Assets/Prefab
  artifactKey: Guid(0d7838bfe65359a43876581a7f0a6dc6) Importer(815301076,1909f56bfc062723c751e8b465ee728b)
Start importing Assets/Prefab using Guid(0d7838bfe65359a43876581a7f0a6dc6) Importer(815301076,1909f56bfc062723c751e8b465ee728b)  -> (artifact id: '96dca6b9fee96a97450f108af80dd293') in 0.039216 seconds 
========================================================================
Received Import Request.
  Time since last request: 0.000715 seconds.
  path: Assets/Prefab/Ground.prefab
  artifactKey: Guid(2285aa179560bed41ba542da97aab612) Importer(815301076,1909f56bfc062723c751e8b465ee728b)
Start importing Assets/Prefab/Ground.prefab using Guid(2285aa179560bed41ba542da97aab612) Importer(815301076,1909f56bfc062723c751e8b465ee728b)  -> (artifact id: 'd1f1040d260ad3f6c162b7724d3dcf3a') in 0.062380 seconds 
========================================================================
Received Import Request.
  Time since last request: 0.000309 seconds.
  path: Assets/Prefab/pipe-green.prefab
  artifactKey: Guid(40cec4b405536834da02a57c36961fd9) Importer(815301076,1909f56bfc062723c751e8b465ee728b)
Start importing Assets/Prefab/pipe-green.prefab using Guid(40cec4b405536834da02a57c36961fd9) Importer(815301076,1909f56bfc062723c751e8b465ee728b)  -> (artifact id: '1d549d904db9fbfc0567330439804961') in 0.065734 seconds 
========================================================================
Received Import Request.
  Time since last request: 85.108436 seconds.
  path: Assets/Prefab/pipe-green.prefab
  artifactKey: Guid(40cec4b405536834da02a57c36961fd9) Importer(815301076,1909f56bfc062723c751e8b465ee728b)
Start importing Assets/Prefab/pipe-green.prefab using Guid(40cec4b405536834da02a57c36961fd9) Importer(815301076,1909f56bfc062723c751e8b465ee728b)  -> (artifact id: '24d745fc70e871b44e3cfcbfb48b49f7') in 0.043198 seconds 
========================================================================
Received Import Request.
  Time since last request: 3.198627 seconds.
  path: Assets/Prefab/pipe-green.prefab
  artifactKey: Guid(40cec4b405536834da02a57c36961fd9) Importer(815301076,1909f56bfc062723c751e8b465ee728b)
Start importing Assets/Prefab/pipe-green.prefab using Guid(40cec4b405536834da02a57c36961fd9) Importer(815301076,1909f56bfc062723c751e8b465ee728b)  -> (artifact id: '9d8cd8edc8416d5c96ba353771b59275') in 0.036296 seconds 
========================================================================
Received Import Request.
  Time since last request: 5.602858 seconds.
  path: Assets/Prefab/pipe-green.prefab
  artifactKey: Guid(40cec4b405536834da02a57c36961fd9) Importer(815301076,1909f56bfc062723c751e8b465ee728b)
Start importing Assets/Prefab/pipe-green.prefab using Guid(40cec4b405536834da02a57c36961fd9) Importer(815301076,1909f56bfc062723c751e8b465ee728b)  -> (artifact id: 'f5cc47a7ac20a02678d3fe8704ab92e7') in 0.028053 seconds 
========================================================================
Received Import Request.
  Time since last request: 20.381550 seconds.
  path: Assets/Script
  artifactKey: Guid(adb7ec37f041c17458002b1dca208203) Importer(815301076,1909f56bfc062723c751e8b465ee728b)
Start importing Assets/Script using Guid(adb7ec37f041c17458002b1dca208203) Importer(815301076,1909f56bfc062723c751e8b465ee728b)  -> (artifact id: '32535b39ec99861f9ad3129a393af30f') in 0.016235 seconds 
========================================================================
Received Import Request.
  Time since last request: 0.868362 seconds.
  path: Assets/Script/AdManager.cs
  artifactKey: Guid(137e54d46b4d68b4e8e0592d86d5fabe) Importer(815301076,1909f56bfc062723c751e8b465ee728b)
Start importing Assets/Script/AdManager.cs using Guid(137e54d46b4d68b4e8e0592d86d5fabe) Importer(815301076,1909f56bfc062723c751e8b465ee728b)  -> (artifact id: '48358bf301cb226aaaf9341a130d6d03') in 0.062912 seconds 
========================================================================
Received Import Request.
  Time since last request: 0.364379 seconds.
  path: Assets/Script/Bird.cs
  artifactKey: Guid(802872fdf4a6b134b8e4bfa99d99a9e4) Importer(815301076,1909f56bfc062723c751e8b465ee728b)
Start importing Assets/Script/Bird.cs using Guid(802872fdf4a6b134b8e4bfa99d99a9e4) Importer(815301076,1909f56bfc062723c751e8b465ee728b)  -> (artifact id: '4f9cf229ee439cd5edc9c5671d585b57') in 0.015301 seconds 
========================================================================
Received Import Request.
  Time since last request: 0.400890 seconds.
  path: Assets/Script/GameOverWindow.cs
  artifactKey: Guid(0046099c290a16d499920dbbd9f411fb) Importer(815301076,1909f56bfc062723c751e8b465ee728b)
Start importing Assets/Script/GameOverWindow.cs using Guid(0046099c290a16d499920dbbd9f411fb) Importer(815301076,1909f56bfc062723c751e8b465ee728b)  -> (artifact id: '8d6550950e518dea4f3d004798c65829') in 0.031116 seconds 
========================================================================
Received Import Request.
  Time since last request: 0.194656 seconds.
  path: Assets/Script/Level.cs
  artifactKey: Guid(fa9a3b0522999b549a72973529a74f01) Importer(815301076,1909f56bfc062723c751e8b465ee728b)
Start importing Assets/Script/Level.cs using Guid(fa9a3b0522999b549a72973529a74f01) Importer(815301076,1909f56bfc062723c751e8b465ee728b)  -> (artifact id: 'f850f6e3ab4bb6ec7ba252fe7929f5d5') in 0.016649 seconds 
========================================================================
Received Import Request.
  Time since last request: 0.150370 seconds.
  path: Assets/Script/MainMenu.cs
  artifactKey: Guid(28f96bd8357a50546a64f88591417049) Importer(815301076,1909f56bfc062723c751e8b465ee728b)
Start importing Assets/Script/MainMenu.cs using Guid(28f96bd8357a50546a64f88591417049) Importer(815301076,1909f56bfc062723c751e8b465ee728b)  -> (artifact id: '3c1c025eb1730abe95c2fd3958f3504d') in 0.018106 seconds 
========================================================================
Received Prepare
Registering precompiled user dll's ...
Registered in 0.270081 seconds.
Begin MonoManager ReloadAssembly
Native extension for WindowsStandalone target not found
Refreshing native plugins compatible for Editor in 0.77 ms, found 1 plugins.
Preloading 0 native plugins for Editor in 0.00 ms.
Mono: successfully reloaded assembly
- Completed reload, in  1.769 seconds
Platform modules already initialized, skipping
Switching build target platform(19) subTarget(0) extendedPlatform(0) -> platform(13) subTarget(537395200) extendedPlatform(0)
Refreshing native plugins compatible for Editor in 1.41 ms, found 1 plugins.
Preloading 0 native plugins for Editor in 0.00 ms.
Unloading 2668 Unused Serialized files (Serialized files now loaded: 0)
System memory in use before: 101.7 MB.
System memory in use after: 102.0 MB.

Unloading 9 unused Assets to reduce memory usage. Loaded Objects now: 3131.
Total: 3.330400 ms (FindLiveObjects: 0.363300 ms CreateObjectMapping: 0.200800 ms MarkObjects: 2.732400 ms  DeleteObjects: 0.031200 ms)

AssetImportParameters requested are different than current active one (requested -> active):
  custom:graphics/normal-map-encoding: 01000000000000000000000000000000 -> 02000000000000000000000000000000
========================================================================
Received Prepare
Registering precompiled user dll's ...
Registered in 0.004074 seconds.
Begin MonoManager ReloadAssembly
Native extension for WindowsStandalone target not found
Refreshing native plugins compatible for Editor in 0.81 ms, found 1 plugins.
Preloading 0 native plugins for Editor in 0.00 ms.
Mono: successfully reloaded assembly
- Completed reload, in  2.039 seconds
Platform modules already initialized, skipping
Switching build target platform(19) subTarget(0) extendedPlatform(0) -> platform(13) subTarget(537395200) extendedPlatform(0)
Refreshing native plugins compatible for Editor in 1.56 ms, found 1 plugins.
Preloading 0 native plugins for Editor in 0.00 ms.
Unloading 2668 Unused Serialized files (Serialized files now loaded: 0)
System memory in use before: 101.8 MB.
System memory in use after: 102.0 MB.

Unloading 9 unused Assets to reduce memory usage. Loaded Objects now: 3134.
Total: 14.125000 ms (FindLiveObjects: 2.063000 ms CreateObjectMapping: 0.355700 ms MarkObjects: 11.656400 ms  DeleteObjects: 0.046000 ms)

AssetImportParameters requested are different than current active one (requested -> active):
  custom:graphics/normal-map-encoding: 01000000000000000000000000000000 -> 02000000000000000000000000000000
========================================================================
Received Prepare
Registering precompiled user dll's ...
Registered in 0.003834 seconds.
Begin MonoManager ReloadAssembly
Native extension for WindowsStandalone target not found
Refreshing native plugins compatible for Editor in 0.74 ms, found 1 plugins.
Preloading 0 native plugins for Editor in 0.00 ms.
Mono: successfully reloaded assembly
- Completed reload, in  1.684 seconds
Platform modules already initialized, skipping
Switching build target platform(19) subTarget(0) extendedPlatform(0) -> platform(13) subTarget(537395200) extendedPlatform(0)
Refreshing native plugins compatible for Editor in 1.53 ms, found 1 plugins.
Preloading 0 native plugins for Editor in 0.00 ms.
Unloading 2668 Unused Serialized files (Serialized files now loaded: 0)
System memory in use before: 101.8 MB.
System memory in use after: 102.0 MB.

Unloading 9 unused Assets to reduce memory usage. Loaded Objects now: 3137.
Total: 3.793800 ms (FindLiveObjects: 0.536800 ms CreateObjectMapping: 0.284900 ms MarkObjects: 2.943700 ms  DeleteObjects: 0.025700 ms)

AssetImportParameters requested are different than current active one (requested -> active):
  custom:graphics/normal-map-encoding: 01000000000000000000000000000000 -> 02000000000000000000000000000000
AssetImportWorkerClient::OnTransportError - code=2 error=End of file
